INFO 2019-05-26 20:49:10,781 basehttp 154 "GET / HTTP/1.1" 200 16877
WARNING 2019-05-26 20:49:10,803 log 228 Not Found: /css/base/common.css
WARNING 2019-05-26 20:49:10,809 log 228 Not Found: /css/base/reset.css
WARNING 2019-05-26 20:49:10,813 log 228 Not Found: /css/news/index.css
WARNING 2019-05-26 20:49:10,820 basehttp 154 "GET /css/base/reset.css HTTP/1.1" 404 2048
WARNING 2019-05-26 20:49:10,821 basehttp 154 "GET /css/news/index.css HTTP/1.1" 404 2048
WARNING 2019-05-26 20:49:10,825 log 228 Not Found: /css/base/side.css
WARNING 2019-05-26 20:49:10,830 log 228 Not Found: /js/commons.js
WARNING 2019-05-26 20:49:10,843 log 228 Not Found: /images/youxi.png
WARNING 2019-05-26 20:49:10,845 basehttp 154 "GET /css/base/side.css HTTP/1.1" 404 2045
WARNING 2019-05-26 20:49:10,847 basehttp 154 "GET /css/base/common.css HTTP/1.1" 404 2051
WARNING 2019-05-26 20:49:10,853 log 228 Not Found: /js/index.js
WARNING 2019-05-26 20:49:10,853 basehttp 154 "GET /js/commons.js HTTP/1.1" 404 2033
WARNING 2019-05-26 20:49:10,860 log 228 Not Found: /images/ui.png
WARNING 2019-05-26 20:49:10,865 log 228 Not Found: /images/zimeiti.png
WARNING 2019-05-26 20:49:10,882 basehttp 154 "GET /images/zimeiti.png HTTP/1.1" 404 2048
WARNING 2019-05-26 20:49:10,874 log 228 Not Found: /images/dianshang.png
WARNING 2019-05-26 20:49:10,879 log 228 Not Found: /images/python_gui.jpg
WARNING 2019-05-26 20:49:10,880 basehttp 154 "GET /images/ui.png HTTP/1.1" 404 2033
WARNING 2019-05-26 20:49:10,880 basehttp 154 "GET /js/index.js HTTP/1.1" 404 2027
WARNING 2019-05-26 20:49:10,866 basehttp 154 "GET /images/youxi.png HTTP/1.1" 404 2042
WARNING 2019-05-26 20:49:10,886 basehttp 154 "GET /images/python_gui.jpg HTTP/1.1" 404 2057
WARNING 2019-05-26 20:49:10,899 log 228 Not Found: /images/linux.jpg
WARNING 2019-05-26 20:49:10,899 basehttp 154 "GET /images/dianshang.png HTTP/1.1" 404 2054
WARNING 2019-05-26 20:49:10,904 log 228 Not Found: /images/python_advanced.jpg
WARNING 2019-05-26 20:49:10,912 log 228 Not Found: /images/jichujiaochen.jpeg
WARNING 2019-05-26 20:49:10,914 log 228 Not Found: /images/python_web.jpg
WARNING 2019-05-26 20:49:10,915 basehttp 154 "GET /images/linux.jpg HTTP/1.1" 404 2042
WARNING 2019-05-26 20:49:10,921 log 228 Not Found: /images/english.jpg
WARNING 2019-05-26 20:49:10,926 basehttp 154 "GET /images/python_web.jpg HTTP/1.1" 404 2057
WARNING 2019-05-26 20:49:10,927 basehttp 154 "GET /images/jichujiaochen.jpeg HTTP/1.1" 404 2069
WARNING 2019-05-26 20:49:10,929 basehttp 154 "GET /images/english.jpg HTTP/1.1" 404 2048
WARNING 2019-05-26 20:49:10,929 basehttp 154 "GET /images/python_advanced.jpg HTTP/1.1" 404 2072
WARNING 2019-05-26 20:56:55,554 log 228 Not Found: /css/base/reset.css
WARNING 2019-05-26 20:56:55,558 basehttp 154 "GET /css/base/reset.css HTTP/1.1" 404 2048
WARNING 2019-05-26 20:56:55,564 log 228 Not Found: /css/news/index.css
WARNING 2019-05-26 20:56:55,565 basehttp 154 "GET /css/news/index.css HTTP/1.1" 404 2048
WARNING 2019-05-26 20:56:55,571 log 228 Not Found: /css/base/common.css
WARNING 2019-05-26 20:56:55,575 basehttp 154 "GET /css/base/common.css HTTP/1.1" 404 2051
WARNING 2019-05-26 20:56:55,581 log 228 Not Found: /css/base/side.css
WARNING 2019-05-26 20:56:55,583 basehttp 154 "GET /css/base/side.css HTTP/1.1" 404 2045
INFO 2019-05-26 21:02:46,203 basehttp 154 "GET / HTTP/1.1" 200 16877
WARNING 2019-05-26 21:02:46,250 log 228 Not Found: /css/base/reset.css
WARNING 2019-05-26 21:02:46,262 log 228 Not Found: /css/base/common.css
WARNING 2019-05-26 21:02:46,268 log 228 Not Found: /css/news/index.css
WARNING 2019-05-26 21:02:46,272 basehttp 154 "GET /css/base/reset.css HTTP/1.1" 404 2048
WARNING 2019-05-26 21:02:46,277 basehttp 154 "GET /css/news/index.css HTTP/1.1" 404 2048
WARNING 2019-05-26 21:02:46,282 log 228 Not Found: /css/base/side.css
WARNING 2019-05-26 21:02:46,288 log 228 Not Found: /js/commons.js
WARNING 2019-05-26 21:02:46,302 log 228 Not Found: /js/index.js
WARNING 2019-05-26 21:02:46,307 log 228 Not Found: /images/ui.png
WARNING 2019-05-26 21:02:46,312 log 228 Not Found: /images/youxi.png
WARNING 2019-05-26 21:02:46,314 basehttp 154 "GET /css/base/side.css HTTP/1.1" 404 2045
WARNING 2019-05-26 21:02:46,314 basehttp 154 "GET /js/commons.js HTTP/1.1" 404 2033
WARNING 2019-05-26 21:02:46,316 basehttp 154 "GET /js/index.js HTTP/1.1" 404 2027
WARNING 2019-05-26 21:02:46,313 basehttp 154 "GET /css/base/common.css HTTP/1.1" 404 2051
WARNING 2019-05-26 21:02:46,320 basehttp 154 "GET /images/ui.png HTTP/1.1" 404 2033
WARNING 2019-05-26 21:02:46,327 log 228 Not Found: /images/python_gui.jpg
WARNING 2019-05-26 21:02:46,340 log 228 Not Found: /images/python_advanced.jpg
WARNING 2019-05-26 21:02:46,336 log 228 Not Found: /images/zimeiti.png
WARNING 2019-05-26 21:02:46,356 log 228 Not Found: /images/dianshang.png
WARNING 2019-05-26 21:02:46,357 basehttp 154 "GET /images/youxi.png HTTP/1.1" 404 2042
WARNING 2019-05-26 21:02:46,359 log 228 Not Found: /images/linux.jpg
WARNING 2019-05-26 21:02:46,360 basehttp 154 "GET /images/python_advanced.jpg HTTP/1.1" 404 2072
WARNING 2019-05-26 21:02:46,364 basehttp 154 "GET /images/zimeiti.png HTTP/1.1" 404 2048
WARNING 2019-05-26 21:02:46,366 basehttp 154 "GET /images/python_gui.jpg HTTP/1.1" 404 2057
WARNING 2019-05-26 21:02:46,366 basehttp 154 "GET /images/dianshang.png HTTP/1.1" 404 2054
WARNING 2019-05-26 21:02:46,378 log 228 Not Found: /images/jichujiaochen.jpeg
WARNING 2019-05-26 21:02:46,393 log 228 Not Found: /images/python_web.jpg
WARNING 2019-05-26 21:02:46,399 basehttp 154 "GET /images/linux.jpg HTTP/1.1" 404 2042
WARNING 2019-05-26 21:02:46,400 log 228 Not Found: /images/english.jpg
WARNING 2019-05-26 21:02:46,403 basehttp 154 "GET /images/jichujiaochen.jpeg HTTP/1.1" 404 2069
WARNING 2019-05-26 21:02:46,404 basehttp 154 "GET /images/python_web.jpg HTTP/1.1" 404 2057
WARNING 2019-05-26 21:02:46,406 basehttp 154 "GET /images/english.jpg HTTP/1.1" 404 2048
WARNING 2019-05-26 21:02:46,492 log 228 Not Found: /js/commons.js
WARNING 2019-05-26 21:02:46,495 basehttp 154 "GET /js/commons.js HTTP/1.1" 404 2033
WARNING 2019-05-26 21:02:46,512 log 228 Not Found: /js/index.js
WARNING 2019-05-26 21:02:46,514 basehttp 154 "GET /js/index.js HTTP/1.1" 404 2027
INFO 2019-05-26 21:03:52,772 basehttp 154 "GET / HTTP/1.1" 200 16876
WARNING 2019-05-26 21:03:52,802 log 228 Not Found: /images/ui.png
WARNING 2019-05-26 21:03:52,808 log 228 Not Found: /images/youxi.png
WARNING 2019-05-26 21:03:52,810 log 228 Not Found: /css/base/common.css
WARNING 2019-05-26 21:03:52,835 basehttp 154 "GET /images/ui.png HTTP/1.1" 404 2033
WARNING 2019-05-26 21:03:52,821 log 228 Not Found: /css/news/index.css
WARNING 2019-05-26 21:03:52,835 log 228 Not Found: /css/base/reset.css
WARNING 2019-05-26 21:03:52,836 basehttp 154 "GET /images/youxi.png HTTP/1.1" 404 2042
WARNING 2019-05-26 21:03:52,837 log 228 Not Found: /css/base/side.css
WARNING 2019-05-26 21:03:52,838 basehttp 154 "GET /css/base/common.css HTTP/1.1" 404 2051
WARNING 2019-05-26 21:03:52,849 basehttp 154 "GET /css/news/index.css HTTP/1.1" 404 2048
WARNING 2019-05-26 21:03:52,850 log 228 Not Found: /js/commons.js
WARNING 2019-05-26 21:03:52,856 log 228 Not Found: /js/index.js
WARNING 2019-05-26 21:03:52,857 basehttp 154 "GET /css/base/reset.css HTTP/1.1" 404 2048
WARNING 2019-05-26 21:03:52,861 basehttp 154 "GET /css/base/side.css HTTP/1.1" 404 2045
WARNING 2019-05-26 21:03:52,884 log 228 Not Found: /images/dianshang.png
WARNING 2019-05-26 21:03:52,912 basehttp 154 "GET /images/dianshang.png HTTP/1.1" 404 2054
WARNING 2019-05-26 21:03:52,895 log 228 Not Found: /images/python_gui.jpg
WARNING 2019-05-26 21:03:52,896 basehttp 154 "GET /js/index.js HTTP/1.1" 404 2027
WARNING 2019-05-26 21:03:52,896 basehttp 154 "GET /js/commons.js HTTP/1.1" 404 2033
WARNING 2019-05-26 21:03:52,910 log 228 Not Found: /images/linux.jpg
WARNING 2019-05-26 21:03:52,884 log 228 Not Found: /images/zimeiti.png
WARNING 2019-05-26 21:03:52,956 log 228 Not Found: /images/python_advanced.jpg
WARNING 2019-05-26 21:03:52,957 basehttp 154 "GET /images/linux.jpg HTTP/1.1" 404 2042
WARNING 2019-05-26 21:03:52,962 log 228 Not Found: /images/jichujiaochen.jpeg
WARNING 2019-05-26 21:03:52,979 log 228 Not Found: /images/english.jpg
WARNING 2019-05-26 21:03:52,970 log 228 Not Found: /js/index.js
WARNING 2019-05-26 21:03:52,983 basehttp 154 "GET /js/index.js HTTP/1.1" 404 2027
WARNING 2019-05-26 21:03:52,965 basehttp 154 "GET /images/zimeiti.png HTTP/1.1" 404 2048
WARNING 2019-05-26 21:03:52,980 basehttp 154 "GET /images/jichujiaochen.jpeg HTTP/1.1" 404 2069
WARNING 2019-05-26 21:03:52,980 basehttp 154 "GET /images/english.jpg HTTP/1.1" 404 2048
WARNING 2019-05-26 21:03:52,970 basehttp 154 "GET /images/python_gui.jpg HTTP/1.1" 404 2057
WARNING 2019-05-26 21:03:52,990 basehttp 154 "GET /images/python_advanced.jpg HTTP/1.1" 404 2072
WARNING 2019-05-26 21:03:53,000 log 228 Not Found: /images/python_web.jpg
WARNING 2019-05-26 21:03:53,001 basehttp 154 "GET /images/python_web.jpg HTTP/1.1" 404 2057
INFO 2019-05-26 21:03:54,218 basehttp 154 "GET / HTTP/1.1" 200 16876
WARNING 2019-05-26 21:03:54,250 log 228 Not Found: /images/youxi.png
WARNING 2019-05-26 21:03:54,261 log 228 Not Found: /images/ui.png
WARNING 2019-05-26 21:03:54,273 basehttp 154 "GET /images/youxi.png HTTP/1.1" 404 2042
WARNING 2019-05-26 21:03:54,265 log 228 Not Found: /css/base/side.css
WARNING 2019-05-26 21:03:54,270 log 228 Not Found: /css/base/common.css
WARNING 2019-05-26 21:03:54,274 basehttp 154 "GET /images/ui.png HTTP/1.1" 404 2033
WARNING 2019-05-26 21:03:54,266 log 228 Not Found: /css/base/reset.css
WARNING 2019-05-26 21:03:54,280 basehttp 154 "GET /css/base/reset.css HTTP/1.1" 404 2048
WARNING 2019-05-26 21:03:54,275 basehttp 154 "GET /css/base/side.css HTTP/1.1" 404 2045
WARNING 2019-05-26 21:03:54,273 log 228 Not Found: /css/news/index.css
WARNING 2019-05-26 21:03:54,288 log 228 Not Found: /js/commons.js
WARNING 2019-05-26 21:03:54,295 log 228 Not Found: /images/dianshang.png
WARNING 2019-05-26 21:03:54,297 basehttp 154 "GET /css/base/common.css HTTP/1.1" 404 2051
WARNING 2019-05-26 21:03:54,302 log 228 Not Found: /images/zimeiti.png
WARNING 2019-05-26 21:03:54,308 basehttp 154 "GET /js/commons.js HTTP/1.1" 404 2033
WARNING 2019-05-26 21:03:54,308 basehttp 154 "GET /css/news/index.css HTTP/1.1" 404 2048
WARNING 2019-05-26 21:03:54,313 log 228 Not Found: /js/index.js
WARNING 2019-05-26 21:03:54,320 log 228 Not Found: /images/python_gui.jpg
WARNING 2019-05-26 21:03:54,321 basehttp 154 "GET /images/dianshang.png HTTP/1.1" 404 2054
WARNING 2019-05-26 21:03:54,341 log 228 Not Found: /images/linux.jpg
WARNING 2019-05-26 21:03:54,344 log 228 Not Found: /images/python_advanced.jpg
WARNING 2019-05-26 21:03:54,356 basehttp 154 "GET /js/index.js HTTP/1.1" 404 2027
WARNING 2019-05-26 21:03:54,351 basehttp 154 "GET /images/zimeiti.png HTTP/1.1" 404 2048
WARNING 2019-05-26 21:03:54,351 basehttp 154 "GET /images/python_gui.jpg HTTP/1.1" 404 2057
WARNING 2019-05-26 21:03:54,356 log 228 Not Found: /images/jichujiaochen.jpeg
WARNING 2019-05-26 21:03:54,367 log 228 Not Found: /images/python_web.jpg
WARNING 2019-05-26 21:03:54,368 basehttp 154 "GET /images/python_advanced.jpg HTTP/1.1" 404 2072
WARNING 2019-05-26 21:03:54,376 log 228 Not Found: /images/english.jpg
WARNING 2019-05-26 21:03:54,387 log 228 Not Found: /js/commons.js
WARNING 2019-05-26 21:03:54,388 basehttp 154 "GET /images/jichujiaochen.jpeg HTTP/1.1" 404 2069
WARNING 2019-05-26 21:03:54,389 basehttp 154 "GET /images/linux.jpg HTTP/1.1" 404 2042
WARNING 2019-05-26 21:03:54,390 basehttp 154 "GET /images/python_web.jpg HTTP/1.1" 404 2057
WARNING 2019-05-26 21:03:54,391 basehttp 154 "GET /images/english.jpg HTTP/1.1" 404 2048
WARNING 2019-05-26 21:03:54,395 basehttp 154 "GET /js/commons.js HTTP/1.1" 404 2033
WARNING 2019-05-26 21:03:54,407 log 228 Not Found: /js/index.js
WARNING 2019-05-26 21:03:54,407 basehttp 154 "GET /js/index.js HTTP/1.1" 404 2027
INFO 2019-05-26 21:04:55,319 basehttp 154 "GET / HTTP/1.1" 200 16882
WARNING 2019-05-26 21:04:55,349 log 228 Not Found: /images/ui.png
WARNING 2019-05-26 21:04:55,358 log 228 Not Found: /images/youxi.png
WARNING 2019-05-26 21:04:55,361 log 228 Not Found: /css/news/index.css
WARNING 2019-05-26 21:04:55,370 log 228 Not Found: /css/base/side.css
INFO 2019-05-26 21:04:55,373 basehttp 154 "GET /static/css/base/common.css HTTP/1.1" 200 3498
WARNING 2019-05-26 21:04:55,375 basehttp 154 "GET /images/ui.png HTTP/1.1" 404 2033
WARNING 2019-05-26 21:04:55,384 basehttp 154 "GET /images/youxi.png HTTP/1.1" 404 2042
WARNING 2019-05-26 21:04:55,382 log 228 Not Found: /css/base/reset.css
WARNING 2019-05-26 21:04:55,409 basehttp 154 "GET /css/base/reset.css HTTP/1.1" 404 2048
WARNING 2019-05-26 21:04:55,398 log 228 Not Found: /js/commons.js
WARNING 2019-05-26 21:04:55,408 basehttp 154 "GET /css/base/side.css HTTP/1.1" 404 2045
WARNING 2019-05-26 21:04:55,392 basehttp 154 "GET /css/news/index.css HTTP/1.1" 404 2048
WARNING 2019-05-26 21:04:55,416 log 228 Not Found: /js/index.js
WARNING 2019-05-26 21:04:55,428 log 228 Not Found: /images/linux.jpg
WARNING 2019-05-26 21:04:55,428 log 228 Not Found: /images/dianshang.png
WARNING 2019-05-26 21:04:55,436 log 228 Not Found: /images/zimeiti.png
WARNING 2019-05-26 21:04:55,442 basehttp 154 "GET /js/commons.js HTTP/1.1" 404 2033
WARNING 2019-05-26 21:04:55,445 basehttp 154 "GET /js/index.js HTTP/1.1" 404 2027
WARNING 2019-05-26 21:04:55,451 log 228 Not Found: /images/python_gui.jpg
WARNING 2019-05-26 21:04:55,486 basehttp 154 "GET /images/python_gui.jpg HTTP/1.1" 404 2057
WARNING 2019-05-26 21:04:55,452 basehttp 154 "GET /images/linux.jpg HTTP/1.1" 404 2042
WARNING 2019-05-26 21:04:55,464 basehttp 154 "GET /images/zimeiti.png HTTP/1.1" 404 2048
WARNING 2019-05-26 21:04:55,461 basehttp 154 "GET /images/dianshang.png HTTP/1.1" 404 2054
WARNING 2019-05-26 21:04:55,502 log 228 Not Found: /images/jichujiaochen.jpeg
WARNING 2019-05-26 21:04:55,503 log 228 Not Found: /images/python_advanced.jpg
WARNING 2019-05-26 21:04:55,505 log 228 Not Found: /images/english.jpg
WARNING 2019-05-26 21:04:55,515 log 228 Not Found: /images/python_web.jpg
WARNING 2019-05-26 21:04:55,516 basehttp 154 "GET /images/jichujiaochen.jpeg HTTP/1.1" 404 2069
WARNING 2019-05-26 21:04:55,516 basehttp 154 "GET /images/python_advanced.jpg HTTP/1.1" 404 2072
WARNING 2019-05-26 21:04:55,518 basehttp 154 "GET /images/english.jpg HTTP/1.1" 404 2048
WARNING 2019-05-26 21:04:55,523 basehttp 154 "GET /images/python_web.jpg HTTP/1.1" 404 2057
INFO 2019-05-26 21:05:14,129 basehttp 154 "GET / HTTP/1.1" 200 16888
WARNING 2019-05-26 21:05:14,170 log 228 Not Found: /js/commons.js
WARNING 2019-05-26 21:05:14,173 log 228 Not Found: /css/base/side.css
WARNING 2019-05-26 21:05:14,176 log 228 Not Found: /..static/css/base/reset.css
WARNING 2019-05-26 21:05:14,185 log 228 Not Found: /images/youxi.png
WARNING 2019-05-26 21:05:14,190 log 228 Not Found: /images/ui.png
WARNING 2019-05-26 21:05:14,193 log 228 Not Found: /css/news/index.css
WARNING 2019-05-26 21:05:14,194 basehttp 154 "GET /js/commons.js HTTP/1.1" 404 2033
WARNING 2019-05-26 21:05:14,203 basehttp 154 "GET /images/youxi.png HTTP/1.1" 404 2042
WARNING 2019-05-26 21:05:14,202 basehttp 154 "GET /css/base/side.css HTTP/1.1" 404 2045
WARNING 2019-05-26 21:05:14,200 basehttp 154 "GET /..static/css/base/reset.css HTTP/1.1" 404 2075
WARNING 2019-05-26 21:05:14,204 basehttp 154 "GET /css/news/index.css HTTP/1.1" 404 2048
WARNING 2019-05-26 21:05:14,206 basehttp 154 "GET /images/ui.png HTTP/1.1" 404 2033
WARNING 2019-05-26 21:05:14,212 log 228 Not Found: /js/index.js
WARNING 2019-05-26 21:05:14,222 log 228 Not Found: /images/python_gui.jpg
WARNING 2019-05-26 21:05:14,236 log 228 Not Found: /images/dianshang.png
WARNING 2019-05-26 21:05:14,245 log 228 Not Found: /images/python_advanced.jpg
WARNING 2019-05-26 21:05:14,255 basehttp 154 "GET /js/index.js HTTP/1.1" 404 2027
WARNING 2019-05-26 21:05:14,254 log 228 Not Found: /images/linux.jpg
WARNING 2019-05-26 21:05:14,258 basehttp 154 "GET /images/python_gui.jpg HTTP/1.1" 404 2057
WARNING 2019-05-26 21:05:14,264 log 228 Not Found: /images/zimeiti.png
WARNING 2019-05-26 21:05:14,264 basehttp 154 "GET /images/dianshang.png HTTP/1.1" 404 2054
WARNING 2019-05-26 21:05:14,274 log 228 Not Found: /js/commons.js
WARNING 2019-05-26 21:05:14,274 basehttp 154 "GET /images/python_advanced.jpg HTTP/1.1" 404 2072
WARNING 2019-05-26 21:05:14,276 basehttp 154 "GET /images/linux.jpg HTTP/1.1" 404 2042
WARNING 2019-05-26 21:05:14,284 log 228 Not Found: /images/jichujiaochen.jpeg
WARNING 2019-05-26 21:05:14,291 basehttp 154 "GET /js/commons.js HTTP/1.1" 404 2033
WARNING 2019-05-26 21:05:14,290 basehttp 154 "GET /images/zimeiti.png HTTP/1.1" 404 2048
WARNING 2019-05-26 21:05:14,298 log 228 Not Found: /images/english.jpg
WARNING 2019-05-26 21:05:14,303 basehttp 154 "GET /images/jichujiaochen.jpeg HTTP/1.1" 404 2069
WARNING 2019-05-26 21:05:14,310 log 228 Not Found: /js/index.js
WARNING 2019-05-26 21:05:14,315 log 228 Not Found: /images/python_web.jpg
WARNING 2019-05-26 21:05:14,318 basehttp 154 "GET /images/english.jpg HTTP/1.1" 404 2048
WARNING 2019-05-26 21:05:14,330 basehttp 154 "GET /images/python_web.jpg HTTP/1.1" 404 2057
WARNING 2019-05-26 21:05:14,330 basehttp 154 "GET /js/index.js HTTP/1.1" 404 2027
INFO 2019-05-26 21:05:38,525 basehttp 154 "GET / HTTP/1.1" 200 16889
WARNING 2019-05-26 21:05:38,552 log 228 Not Found: /images/youxi.png
WARNING 2019-05-26 21:05:38,565 log 228 Not Found: /js/commons.js
WARNING 2019-05-26 21:05:38,566 log 228 Not Found: /css/base/side.css
WARNING 2019-05-26 21:05:38,584 basehttp 154 "GET /js/commons.js HTTP/1.1" 404 2033
WARNING 2019-05-26 21:05:38,579 log 228 Not Found: /images/ui.png
WARNING 2019-05-26 21:05:38,583 log 228 Not Found: /js/index.js
WARNING 2019-05-26 21:05:38,576 log 228 Not Found: /css/news/index.css
WARNING 2019-05-26 21:05:38,586 basehttp 154 "GET /css/base/side.css HTTP/1.1" 404 2045
WARNING 2019-05-26 21:05:38,587 basehttp 154 "GET /images/youxi.png HTTP/1.1" 404 2042
WARNING 2019-05-26 21:05:38,600 log 228 Not Found: /images/dianshang.png
WARNING 2019-05-26 21:05:38,610 basehttp 154 "GET /js/index.js HTTP/1.1" 404 2027
WARNING 2019-05-26 21:05:38,618 log 228 Not Found: /images/zimeiti.png
WARNING 2019-05-26 21:05:38,618 basehttp 154 "GET /css/news/index.css HTTP/1.1" 404 2048
WARNING 2019-05-26 21:05:38,619 basehttp 154 "GET /images/ui.png HTTP/1.1" 404 2033
WARNING 2019-05-26 21:05:38,620 log 228 Not Found: /images/python_gui.jpg
WARNING 2019-05-26 21:05:38,630 log 228 Not Found: /images/linux.jpg
WARNING 2019-05-26 21:05:38,632 basehttp 154 "GET /images/zimeiti.png HTTP/1.1" 404 2048
WARNING 2019-05-26 21:05:38,641 log 228 Not Found: /images/jichujiaochen.jpeg
WARNING 2019-05-26 21:05:38,647 log 228 Not Found: /images/python_advanced.jpg
WARNING 2019-05-26 21:05:38,649 basehttp 154 "GET /images/python_gui.jpg HTTP/1.1" 404 2057
WARNING 2019-05-26 21:05:38,658 basehttp 154 "GET /images/dianshang.png HTTP/1.1" 404 2054
WARNING 2019-05-26 21:05:38,682 basehttp 154 "GET /images/python_advanced.jpg HTTP/1.1" 404 2072
WARNING 2019-05-26 21:05:38,663 basehttp 154 "GET /images/linux.jpg HTTP/1.1" 404 2042
WARNING 2019-05-26 21:05:38,683 basehttp 154 "GET /images/jichujiaochen.jpeg HTTP/1.1" 404 2069
WARNING 2019-05-26 21:05:38,662 log 228 Not Found: /images/english.jpg
WARNING 2019-05-26 21:05:38,689 log 228 Not Found: /images/python_web.jpg
WARNING 2019-05-26 21:05:38,694 basehttp 154 "GET /images/python_web.jpg HTTP/1.1" 404 2057
WARNING 2019-05-26 21:05:38,690 log 228 Not Found: /js/commons.js
WARNING 2019-05-26 21:05:38,693 basehttp 154 "GET /images/english.jpg HTTP/1.1" 404 2048
WARNING 2019-05-26 21:05:38,699 basehttp 154 "GET /js/commons.js HTTP/1.1" 404 2033
WARNING 2019-05-26 21:05:38,715 log 228 Not Found: /js/index.js
WARNING 2019-05-26 21:05:38,716 basehttp 154 "GET /js/index.js HTTP/1.1" 404 2027
INFO 2019-05-26 21:06:06,942 basehttp 154 "GET / HTTP/1.1" 200 16905
WARNING 2019-05-26 21:06:06,973 log 228 Not Found: /images/youxi.png
WARNING 2019-05-26 21:06:06,979 log 228 Not Found: /images/ui.png
WARNING 2019-05-26 21:06:06,990 basehttp 154 "GET /images/ui.png HTTP/1.1" 404 2033
INFO 2019-05-26 21:06:06,988 basehttp 154 "GET /static//css/base/side.css HTTP/1.1" 200 4428
WARNING 2019-05-26 21:06:06,987 log 228 Not Found: /js/index.js
WARNING 2019-05-26 21:06:06,996 log 228 Not Found: /images/dianshang.png
WARNING 2019-05-26 21:06:06,997 basehttp 154 "GET /images/youxi.png HTTP/1.1" 404 2042
WARNING 2019-05-26 21:06:07,001 log 228 Not Found: /js/commons.js
WARNING 2019-05-26 21:06:07,010 log 228 Not Found: /images/python_gui.jpg
WARNING 2019-05-26 21:06:07,012 basehttp 154 "GET /js/index.js HTTP/1.1" 404 2027
WARNING 2019-05-26 21:06:07,021 log 228 Not Found: /images/zimeiti.png
WARNING 2019-05-26 21:06:07,026 log 228 Not Found: /images/linux.jpg
INFO 2019-05-26 21:06:07,027 basehttp 154 "GET /static//css/news/index.css HTTP/1.1" 200 5500
WARNING 2019-05-26 21:06:07,028 basehttp 154 "GET /images/dianshang.png HTTP/1.1" 404 2054
WARNING 2019-05-26 21:06:07,029 basehttp 154 "GET /js/commons.js HTTP/1.1" 404 2033
WARNING 2019-05-26 21:06:07,039 basehttp 154 "GET /images/python_gui.jpg HTTP/1.1" 404 2057
WARNING 2019-05-26 21:06:07,039 basehttp 154 "GET /images/linux.jpg HTTP/1.1" 404 2042
WARNING 2019-05-26 21:06:07,046 log 228 Not Found: /images/python_advanced.jpg
WARNING 2019-05-26 21:06:07,047 basehttp 154 "GET /images/zimeiti.png HTTP/1.1" 404 2048
WARNING 2019-05-26 21:06:07,057 log 228 Not Found: /images/english.jpg
WARNING 2019-05-26 21:06:07,063 log 228 Not Found: /images/jichujiaochen.jpeg
WARNING 2019-05-26 21:06:07,071 basehttp 154 "GET /images/python_advanced.jpg HTTP/1.1" 404 2072
WARNING 2019-05-26 21:06:07,077 log 228 Not Found: /images/python_web.jpg
WARNING 2019-05-26 21:06:07,078 basehttp 154 "GET /images/english.jpg HTTP/1.1" 404 2048
INFO 2019-05-26 21:06:07,079 basehttp 154 "GET /static//images/wechat.jpg HTTP/1.1" 200 41182
WARNING 2019-05-26 21:06:07,085 basehttp 154 "GET /images/jichujiaochen.jpeg HTTP/1.1" 404 2069
WARNING 2019-05-26 21:06:07,083 basehttp 154 "GET /images/python_web.jpg HTTP/1.1" 404 2057
WARNING 2019-05-26 21:06:07,123 log 228 Not Found: /js/index.js
WARNING 2019-05-26 21:06:07,125 basehttp 154 "GET /js/index.js HTTP/1.1" 404 2027
INFO 2019-05-26 21:06:45,297 basehttp 154 "GET / HTTP/1.1" 200 16907
WARNING 2019-05-26 21:06:45,343 log 228 Not Found: /images/dianshang.png
WARNING 2019-05-26 21:06:45,346 basehttp 154 "GET /images/dianshang.png HTTP/1.1" 404 2054
WARNING 2019-05-26 21:06:45,345 log 228 Not Found: /js/commons.js
WARNING 2019-05-26 21:06:45,371 log 228 Not Found: /images/zimeiti.png
WARNING 2019-05-26 21:06:45,372 log 228 Not Found: /images/ui.png
WARNING 2019-05-26 21:06:45,380 basehttp 154 "GET /js/commons.js HTTP/1.1" 404 2033
WARNING 2019-05-26 21:06:45,380 log 228 Not Found: /images/youxi.png
WARNING 2019-05-26 21:06:45,387 log 228 Not Found: /images/python_gui.jpg
WARNING 2019-05-26 21:06:45,392 log 228 Not Found: /js/index.js
WARNING 2019-05-26 21:06:45,399 log 228 Not Found: /images/english.jpg
WARNING 2019-05-26 21:06:45,401 basehttp 154 "GET /images/zimeiti.png HTTP/1.1" 404 2048
WARNING 2019-05-26 21:06:45,402 basehttp 154 "GET /images/youxi.png HTTP/1.1" 404 2042
WARNING 2019-05-26 21:06:45,402 basehttp 154 "GET /images/ui.png HTTP/1.1" 404 2033
WARNING 2019-05-26 21:06:45,409 basehttp 154 "GET /images/python_gui.jpg HTTP/1.1" 404 2057
WARNING 2019-05-26 21:06:45,410 basehttp 154 "GET /js/index.js HTTP/1.1" 404 2027
WARNING 2019-05-26 21:06:45,426 log 228 Not Found: /images/jichujiaochen.jpeg
WARNING 2019-05-26 21:06:45,432 log 228 Not Found: /images/linux.jpg
WARNING 2019-05-26 21:06:45,446 log 228 Not Found: /images/python_advanced.jpg
WARNING 2019-05-26 21:06:45,447 log 228 Not Found: /images/python_web.jpg
WARNING 2019-05-26 21:06:45,447 basehttp 154 "GET /images/english.jpg HTTP/1.1" 404 2048
WARNING 2019-05-26 21:06:45,451 basehttp 154 "GET /images/linux.jpg HTTP/1.1" 404 2042
WARNING 2019-05-26 21:06:45,451 basehttp 154 "GET /images/python_advanced.jpg HTTP/1.1" 404 2072
WARNING 2019-05-26 21:06:45,452 basehttp 154 "GET /images/python_web.jpg HTTP/1.1" 404 2057
WARNING 2019-05-26 21:06:45,455 basehttp 154 "GET /images/jichujiaochen.jpeg HTTP/1.1" 404 2069
INFO 2019-05-26 21:07:05,763 basehttp 154 "GET / HTTP/1.1" 200 16906
WARNING 2019-05-26 21:07:05,797 log 228 Not Found: /images/youxi.png
INFO 2019-05-26 21:07:05,807 basehttp 154 "GET /static/css/news/index.css HTTP/1.1" 200 5500
WARNING 2019-05-26 21:07:05,807 log 228 Not Found: /images/dianshang.png
WARNING 2019-05-26 21:07:05,812 log 228 Not Found: /js/index.js
WARNING 2019-05-26 21:07:05,813 log 228 Not Found: /js/commons.js
WARNING 2019-05-26 21:07:05,819 log 228 Not Found: /images/ui.png
WARNING 2019-05-26 21:07:05,829 log 228 Not Found: /images/zimeiti.png
WARNING 2019-05-26 21:07:05,829 basehttp 154 "GET /images/youxi.png HTTP/1.1" 404 2042
WARNING 2019-05-26 21:07:05,831 basehttp 154 "GET /js/index.js HTTP/1.1" 404 2027
WARNING 2019-05-26 21:07:05,832 basehttp 154 "GET /js/commons.js HTTP/1.1" 404 2033
WARNING 2019-05-26 21:07:05,834 basehttp 154 "GET /images/ui.png HTTP/1.1" 404 2033
WARNING 2019-05-26 21:07:05,852 log 228 Not Found: /images/python_gui.jpg
WARNING 2019-05-26 21:07:05,873 basehttp 154 "GET /images/python_gui.jpg HTTP/1.1" 404 2057
WARNING 2019-05-26 21:07:05,866 log 228 Not Found: /images/jichujiaochen.jpeg
WARNING 2019-05-26 21:07:05,865 log 228 Not Found: /images/python_advanced.jpg
WARNING 2019-05-26 21:07:05,872 basehttp 154 "GET /images/dianshang.png HTTP/1.1" 404 2054
WARNING 2019-05-26 21:07:05,872 log 228 Not Found: /images/english.jpg
WARNING 2019-05-26 21:07:05,876 basehttp 154 "GET /images/zimeiti.png HTTP/1.1" 404 2048
WARNING 2019-05-26 21:07:05,879 basehttp 154 "GET /images/jichujiaochen.jpeg HTTP/1.1" 404 2069
WARNING 2019-05-26 21:07:05,880 basehttp 154 "GET /images/python_advanced.jpg HTTP/1.1" 404 2072
WARNING 2019-05-26 21:07:05,888 log 228 Not Found: /js/index.js
WARNING 2019-05-26 21:07:05,889 basehttp 154 "GET /images/english.jpg HTTP/1.1" 404 2048
WARNING 2019-05-26 21:07:05,904 log 228 Not Found: /images/linux.jpg
WARNING 2019-05-26 21:07:05,915 basehttp 154 "GET /images/linux.jpg HTTP/1.1" 404 2042
WARNING 2019-05-26 21:07:05,913 basehttp 154 "GET /js/index.js HTTP/1.1" 404 2027
WARNING 2019-05-26 21:07:05,908 log 228 Not Found: /images/python_web.jpg
WARNING 2019-05-26 21:07:05,917 basehttp 154 "GET /images/python_web.jpg HTTP/1.1" 404 2057
INFO 2019-05-26 21:09:53,320 basehttp 154 "GET / HTTP/1.1" 200 16997
WARNING 2019-05-26 21:09:53,365 log 228 Not Found: /js/commons.js
WARNING 2019-05-26 21:09:53,376 basehttp 154 "GET /js/commons.js HTTP/1.1" 404 2033
WARNING 2019-05-26 21:09:53,382 log 228 Not Found: /js/index.js
INFO 2019-05-26 21:09:53,394 basehttp 154 "GET /static/images/python_gui.jpg HTTP/1.1" 200 24129
INFO 2019-05-26 21:09:53,398 basehttp 154 "GET /static/images/zimeiti.png HTTP/1.1" 200 112767
INFO 2019-05-26 21:09:53,399 basehttp 154 "GET /static/images/youxi.png HTTP/1.1" 200 447834
WARNING 2019-05-26 21:09:53,400 basehttp 154 "GET /js/index.js HTTP/1.1" 404 2027
INFO 2019-05-26 21:09:53,406 basehttp 154 "GET /static/images/ui.png HTTP/1.1" 200 108619
INFO 2019-05-26 21:09:53,413 basehttp 154 "GET /static/images/jichujiaochen.jpeg HTTP/1.1" 200 11286
WARNING 2019-05-26 21:09:53,420 log 228 Not Found: /images/english.jpg
WARNING 2019-05-26 21:09:53,449 log 228 Not Found: /images/python_web.jpg
WARNING 2019-05-26 21:09:53,453 log 228 Not Found: /images/linux.jpg
INFO 2019-05-26 21:09:53,454 basehttp 154 "GET /static/images/linux.jpg HTTP/1.1" 200 62189
INFO 2019-05-26 21:09:53,455 basehttp 154 "GET /static/images/dianshang.png HTTP/1.1" 200 342554
INFO 2019-05-26 21:09:53,456 basehttp 154 "GET /static/images/python_advanced.jpg HTTP/1.1" 200 120059
WARNING 2019-05-26 21:09:53,457 basehttp 154 "GET /images/english.jpg HTTP/1.1" 404 2048
WARNING 2019-05-26 21:09:53,457 basehttp 154 "GET /images/python_web.jpg HTTP/1.1" 404 2057
WARNING 2019-05-26 21:09:53,466 basehttp 154 "GET /images/linux.jpg HTTP/1.1" 404 2042
INFO 2019-05-26 21:10:59,023 basehttp 154 "GET / HTTP/1.1" 200 17032
INFO 2019-05-26 21:10:59,051 basehttp 154 "GET /static/js/index.js HTTP/1.1" 200 1510
INFO 2019-05-26 21:10:59,055 basehttp 154 "GET /static/js/commons.js HTTP/1.1" 200 2421
INFO 2019-05-26 21:10:59,062 basehttp 154 "GET /static/images/python_web.jpg HTTP/1.1" 200 45717
INFO 2019-05-26 21:10:59,063 basehttp 154 "GET /static/images/english.jpg HTTP/1.1" 200 137605
INFO 2019-05-26 21:22:56,864 basehttp 154 "GET / HTTP/1.1" 200 17035
INFO 2019-05-26 21:23:04,240 basehttp 154 "GET / HTTP/1.1" 200 17035
ERROR 2019-05-26 21:35:57,262 log 228 Internal Server Error: /
Traceback (most recent call last):
  File "/home/pyvip/.virtualenvs/tz1990/lib/python3.5/site-packages/django/urls/base.py", line 75, in reverse
    extra, resolver = resolver.namespace_dict[ns]
KeyError: 'course'

During handling of the above exception, another exception occurred:

Traceback (most recent call last):
  File "/home/pyvip/.virtualenvs/tz1990/lib/python3.5/site-packages/django/core/handlers/exception.py", line 34, in inner
    response = get_response(request)
  File "/home/pyvip/.virtualenvs/tz1990/lib/python3.5/site-packages/django/core/handlers/base.py", line 126, in _get_response
    response = self.process_exception_by_middleware(e, request)
  File "/home/pyvip/.virtualenvs/tz1990/lib/python3.5/site-packages/django/core/handlers/base.py", line 124, in _get_response
    response = wrapped_callback(request, *callback_args, **callback_kwargs)
  File "/home/pyvip/github/myblog/mysite/apps/news/views.py", line 6, in new
    return render(request,"news/index.html")
  File "/home/pyvip/.virtualenvs/tz1990/lib/python3.5/site-packages/django/shortcuts.py", line 36, in render
    content = loader.render_to_string(template_name, context, request, using=using)
  File "/home/pyvip/.virtualenvs/tz1990/lib/python3.5/site-packages/django/template/loader.py", line 62, in render_to_string
    return template.render(context, request)
  File "/home/pyvip/.virtualenvs/tz1990/lib/python3.5/site-packages/django/template/backends/django.py", line 61, in render
    return self.template.render(context)
  File "/home/pyvip/.virtualenvs/tz1990/lib/python3.5/site-packages/django/template/base.py", line 171, in render
    return self._render(context)
  File "/home/pyvip/.virtualenvs/tz1990/lib/python3.5/site-packages/django/template/base.py", line 163, in _render
    return self.nodelist.render(context)
  File "/home/pyvip/.virtualenvs/tz1990/lib/python3.5/site-packages/django/template/base.py", line 937, in render
    bit = node.render_annotated(context)
  File "/home/pyvip/.virtualenvs/tz1990/lib/python3.5/site-packages/django/template/base.py", line 904, in render_annotated
    return self.render(context)
  File "/home/pyvip/.virtualenvs/tz1990/lib/python3.5/site-packages/django/template/loader_tags.py", line 150, in render
    return compiled_parent._render(context)
  File "/home/pyvip/.virtualenvs/tz1990/lib/python3.5/site-packages/django/template/base.py", line 163, in _render
    return self.nodelist.render(context)
  File "/home/pyvip/.virtualenvs/tz1990/lib/python3.5/site-packages/django/template/base.py", line 937, in render
    bit = node.render_annotated(context)
  File "/home/pyvip/.virtualenvs/tz1990/lib/python3.5/site-packages/django/template/base.py", line 904, in render_annotated
    return self.render(context)
  File "/home/pyvip/.virtualenvs/tz1990/lib/python3.5/site-packages/django/template/defaulttags.py", line 442, in render
    url = reverse(view_name, args=args, kwargs=kwargs, current_app=current_app)
  File "/home/pyvip/.virtualenvs/tz1990/lib/python3.5/site-packages/django/urls/base.py", line 86, in reverse
    raise NoReverseMatch("%s is not a registered namespace" % key)
django.urls.exceptions.NoReverseMatch: 'course' is not a registered namespace
ERROR 2019-05-26 21:35:57,266 basehttp 154 "GET / HTTP/1.1" 500 133098
ERROR 2019-05-26 21:37:02,555 log 228 Internal Server Error: /
Traceback (most recent call last):
  File "/home/pyvip/.virtualenvs/tz1990/lib/python3.5/site-packages/django/urls/base.py", line 75, in reverse
    extra, resolver = resolver.namespace_dict[ns]
KeyError: 'course'

During handling of the above exception, another exception occurred:

Traceback (most recent call last):
  File "/home/pyvip/.virtualenvs/tz1990/lib/python3.5/site-packages/django/core/handlers/exception.py", line 34, in inner
    response = get_response(request)
  File "/home/pyvip/.virtualenvs/tz1990/lib/python3.5/site-packages/django/core/handlers/base.py", line 126, in _get_response
    response = self.process_exception_by_middleware(e, request)
  File "/home/pyvip/.virtualenvs/tz1990/lib/python3.5/site-packages/django/core/handlers/base.py", line 124, in _get_response
    response = wrapped_callback(request, *callback_args, **callback_kwargs)
  File "/home/pyvip/github/myblog/mysite/apps/news/views.py", line 6, in new
    return render(request,"news/index.html")
  File "/home/pyvip/.virtualenvs/tz1990/lib/python3.5/site-packages/django/shortcuts.py", line 36, in render
    content = loader.render_to_string(template_name, context, request, using=using)
  File "/home/pyvip/.virtualenvs/tz1990/lib/python3.5/site-packages/django/template/loader.py", line 62, in render_to_string
    return template.render(context, request)
  File "/home/pyvip/.virtualenvs/tz1990/lib/python3.5/site-packages/django/template/backends/django.py", line 61, in render
    return self.template.render(context)
  File "/home/pyvip/.virtualenvs/tz1990/lib/python3.5/site-packages/django/template/base.py", line 171, in render
    return self._render(context)
  File "/home/pyvip/.virtualenvs/tz1990/lib/python3.5/site-packages/django/template/base.py", line 163, in _render
    return self.nodelist.render(context)
  File "/home/pyvip/.virtualenvs/tz1990/lib/python3.5/site-packages/django/template/base.py", line 937, in render
    bit = node.render_annotated(context)
  File "/home/pyvip/.virtualenvs/tz1990/lib/python3.5/site-packages/django/template/base.py", line 904, in render_annotated
    return self.render(context)
  File "/home/pyvip/.virtualenvs/tz1990/lib/python3.5/site-packages/django/template/loader_tags.py", line 150, in render
    return compiled_parent._render(context)
  File "/home/pyvip/.virtualenvs/tz1990/lib/python3.5/site-packages/django/template/base.py", line 163, in _render
    return self.nodelist.render(context)
  File "/home/pyvip/.virtualenvs/tz1990/lib/python3.5/site-packages/django/template/base.py", line 937, in render
    bit = node.render_annotated(context)
  File "/home/pyvip/.virtualenvs/tz1990/lib/python3.5/site-packages/django/template/base.py", line 904, in render_annotated
    return self.render(context)
  File "/home/pyvip/.virtualenvs/tz1990/lib/python3.5/site-packages/django/template/defaulttags.py", line 442, in render
    url = reverse(view_name, args=args, kwargs=kwargs, current_app=current_app)
  File "/home/pyvip/.virtualenvs/tz1990/lib/python3.5/site-packages/django/urls/base.py", line 86, in reverse
    raise NoReverseMatch("%s is not a registered namespace" % key)
django.urls.exceptions.NoReverseMatch: 'course' is not a registered namespace
ERROR 2019-05-26 21:37:02,557 basehttp 154 "GET / HTTP/1.1" 500 132881
ERROR 2019-05-26 21:40:03,037 log 228 Internal Server Error: /
Traceback (most recent call last):
  File "/home/pyvip/.virtualenvs/tz1990/lib/python3.5/site-packages/django/urls/base.py", line 75, in reverse
    extra, resolver = resolver.namespace_dict[ns]
KeyError: 'users'

During handling of the above exception, another exception occurred:

Traceback (most recent call last):
  File "/home/pyvip/.virtualenvs/tz1990/lib/python3.5/site-packages/django/core/handlers/exception.py", line 34, in inner
    response = get_response(request)
  File "/home/pyvip/.virtualenvs/tz1990/lib/python3.5/site-packages/django/core/handlers/base.py", line 126, in _get_response
    response = self.process_exception_by_middleware(e, request)
  File "/home/pyvip/.virtualenvs/tz1990/lib/python3.5/site-packages/django/core/handlers/base.py", line 124, in _get_response
    response = wrapped_callback(request, *callback_args, **callback_kwargs)
  File "/home/pyvip/github/myblog/mysite/apps/news/views.py", line 6, in new
    return render(request,"news/index.html")
  File "/home/pyvip/.virtualenvs/tz1990/lib/python3.5/site-packages/django/shortcuts.py", line 36, in render
    content = loader.render_to_string(template_name, context, request, using=using)
  File "/home/pyvip/.virtualenvs/tz1990/lib/python3.5/site-packages/django/template/loader.py", line 62, in render_to_string
    return template.render(context, request)
  File "/home/pyvip/.virtualenvs/tz1990/lib/python3.5/site-packages/django/template/backends/django.py", line 61, in render
    return self.template.render(context)
  File "/home/pyvip/.virtualenvs/tz1990/lib/python3.5/site-packages/django/template/base.py", line 171, in render
    return self._render(context)
  File "/home/pyvip/.virtualenvs/tz1990/lib/python3.5/site-packages/django/template/base.py", line 163, in _render
    return self.nodelist.render(context)
  File "/home/pyvip/.virtualenvs/tz1990/lib/python3.5/site-packages/django/template/base.py", line 937, in render
    bit = node.render_annotated(context)
  File "/home/pyvip/.virtualenvs/tz1990/lib/python3.5/site-packages/django/template/base.py", line 904, in render_annotated
    return self.render(context)
  File "/home/pyvip/.virtualenvs/tz1990/lib/python3.5/site-packages/django/template/loader_tags.py", line 150, in render
    return compiled_parent._render(context)
  File "/home/pyvip/.virtualenvs/tz1990/lib/python3.5/site-packages/django/template/base.py", line 163, in _render
    return self.nodelist.render(context)
  File "/home/pyvip/.virtualenvs/tz1990/lib/python3.5/site-packages/django/template/base.py", line 937, in render
    bit = node.render_annotated(context)
  File "/home/pyvip/.virtualenvs/tz1990/lib/python3.5/site-packages/django/template/base.py", line 904, in render_annotated
    return self.render(context)
  File "/home/pyvip/.virtualenvs/tz1990/lib/python3.5/site-packages/django/template/defaulttags.py", line 309, in render
    return nodelist.render(context)
  File "/home/pyvip/.virtualenvs/tz1990/lib/python3.5/site-packages/django/template/base.py", line 937, in render
    bit = node.render_annotated(context)
  File "/home/pyvip/.virtualenvs/tz1990/lib/python3.5/site-packages/django/template/base.py", line 904, in render_annotated
    return self.render(context)
  File "/home/pyvip/.virtualenvs/tz1990/lib/python3.5/site-packages/django/template/defaulttags.py", line 442, in render
    url = reverse(view_name, args=args, kwargs=kwargs, current_app=current_app)
  File "/home/pyvip/.virtualenvs/tz1990/lib/python3.5/site-packages/django/urls/base.py", line 86, in reverse
    raise NoReverseMatch("%s is not a registered namespace" % key)
django.urls.exceptions.NoReverseMatch: 'users' is not a registered namespace
ERROR 2019-05-26 21:40:03,040 basehttp 154 "GET / HTTP/1.1" 500 146939
INFO 2019-05-26 21:42:01,016 basehttp 154 "GET / HTTP/1.1" 200 16920
INFO 2019-05-26 21:42:01,037 basehttp 154 "GET /static/css/base/side.css HTTP/1.1" 200 4428
INFO 2019-05-26 21:42:01,045 basehttp 154 "GET /static/js/base/message.js HTTP/1.1" 200 3570
INFO 2019-05-26 21:42:01,065 basehttp 154 "GET /static/images/wechat.jpg HTTP/1.1" 200 41182
WARNING 2019-05-26 21:42:03,072 basehttp 154 "GET /static/images/favicon.ico HTTP/1.1" 404 1678
INFO 2019-05-26 21:43:07,127 basehttp 154 "GET / HTTP/1.1" 200 16920
WARNING 2019-05-26 21:43:33,344 log 228 Not Found: /doc/docDownload.html
WARNING 2019-05-26 21:43:33,347 basehttp 154 "GET /doc/docDownload.html HTTP/1.1" 404 2054
WARNING 2019-05-26 21:43:37,680 log 228 Not Found: /users/register.html
WARNING 2019-05-26 21:43:37,681 basehttp 154 "GET /users/register.html HTTP/1.1" 404 2051
INFO 2019-05-26 21:55:23,522 basehttp 154 "GET / HTTP/1.1" 200 16920
INFO 2019-05-31 21:53:11,882 basehttp 154 "GET /register/ HTTP/1.1" 200 4600
INFO 2019-05-31 21:53:11,973 views 34 Image_code: SIUL
INFO 2019-05-31 21:53:11,974 basehttp 154 "GET /image_codes/6915cf0b-c1a6-41d8-ad3e-dd2cbd5c73b7/ HTTP/1.1" 200 3046
INFO 2019-05-31 21:53:13,772 basehttp 154 "GET /usernames/fzxsjzb/ HTTP/1.1" 200 45
INFO 2019-05-31 22:25:50,732 basehttp 154 "GET /usernames/fzxsjzb/ HTTP/1.1" 200 73
WARNING 2019-05-31 22:26:11,836 log 228 Not Found: /mobiles/13306910131/
WARNING 2019-05-31 22:26:11,836 basehttp 154 "GET /mobiles/13306910131/ HTTP/1.1" 404 2847
WARNING 2019-05-31 22:26:17,670 log 228 Not Found: /mobiles/13306910131/
WARNING 2019-05-31 22:26:17,673 basehttp 154 "GET /mobiles/13306910131/ HTTP/1.1" 404 2847
WARNING 2019-05-31 22:26:28,733 log 228 Not Found: /mobiles/13306910131/
WARNING 2019-05-31 22:26:28,735 basehttp 154 "GET /mobiles/13306910131/ HTTP/1.1" 404 2847
INFO 2019-05-31 22:26:39,681 views 35 Image_code: MIHV
INFO 2019-05-31 22:26:39,681 basehttp 154 "GET /image_codes/98160946-f08d-46d8-8cec-160bc0c6825b/ HTTP/1.1" 200 3260
INFO 2019-05-31 22:26:41,941 views 35 Image_code: RTAH
INFO 2019-05-31 22:26:41,942 basehttp 154 "GET /image_codes/b7c9e8e2-5d29-4330-ac2e-4fa487bb9cc3/ HTTP/1.1" 200 3159
WARNING 2019-05-31 22:26:45,684 log 228 Not Found: /mobiles/13306910131/
WARNING 2019-05-31 22:26:45,685 basehttp 154 "GET /mobiles/13306910131/ HTTP/1.1" 404 2847
INFO 2019-05-31 22:36:58,906 basehttp 154 "GET /register/ HTTP/1.1" 200 4600
INFO 2019-05-31 22:36:59,016 views 35 Image_code: LJAT
INFO 2019-05-31 22:36:59,017 basehttp 154 "GET /image_codes/ceebfabf-9502-421d-a616-d606ce4a9694/ HTTP/1.1" 200 3070
INFO 2019-05-31 22:37:01,800 basehttp 154 "GET /usernames/fzxsjzb/ HTTP/1.1" 200 73
WARNING 2019-05-31 22:37:22,106 log 228 Not Found: /mobiles/13641997408/
WARNING 2019-05-31 22:37:22,109 basehttp 154 "GET /mobiles/13641997408/ HTTP/1.1" 404 2847
INFO 2019-05-31 22:40:19,230 basehttp 154 "GET /register/ HTTP/1.1" 200 4600
INFO 2019-05-31 22:40:19,352 views 35 Image_code: THJS
INFO 2019-05-31 22:40:19,353 basehttp 154 "GET /image_codes/c31f4290-7b09-4dc2-9e6b-e34c8cd29657/ HTTP/1.1" 200 3389
INFO 2019-05-31 22:40:21,953 basehttp 154 "GET /usernames/fzxsjzb/ HTTP/1.1" 200 73
WARNING 2019-05-31 22:40:31,374 log 228 Not Found: /mobiles/13306910131/
WARNING 2019-05-31 22:40:31,377 basehttp 154 "GET /mobiles/13306910131/ HTTP/1.1" 404 2848
INFO 2019-05-31 22:42:27,314 basehttp 154 "GET /register/ HTTP/1.1" 200 4600
INFO 2019-05-31 22:42:27,436 views 35 Image_code: NTUO
INFO 2019-05-31 22:42:27,437 basehttp 154 "GET /image_codes/0fc3d6e2-fc97-41fb-9bd3-c68bf216b74d/ HTTP/1.1" 200 3149
INFO 2019-05-31 22:42:29,900 basehttp 154 "GET /usernames/fzxsjzb/ HTTP/1.1" 200 73
INFO 2019-05-31 22:42:31,389 basehttp 154 "GET /usernames/fzxsjzb/ HTTP/1.1" 200 73
INFO 2019-05-31 22:42:48,449 basehttp 154 "GET /mobiles/13306910131/ HTTP/1.1" 200 75
INFO 2019-06-01 02:19:01,617 basehttp 154 "GET / HTTP/1.1" 200 16899
INFO 2019-06-01 02:19:01,680 basehttp 154 "GET /static/images/ui.png HTTP/1.1" 304 0
INFO 2019-06-01 02:19:01,681 basehttp 154 "GET /static/images/youxi.png HTTP/1.1" 304 0
INFO 2019-06-01 02:19:01,699 basehttp 154 "GET /static/images/dianshang.png HTTP/1.1" 304 0
INFO 2019-06-01 02:19:01,700 basehttp 154 "GET /static/js/commons.js HTTP/1.1" 304 0
INFO 2019-06-01 02:19:01,713 basehttp 154 "GET /static/images/zimeiti.png HTTP/1.1" 304 0
WARNING 2019-06-01 02:19:01,955 basehttp 154 "GET /static/images/favicon.ico HTTP/1.1" 404 1678
INFO 2019-06-01 02:19:19,380 basehttp 154 "GET /register/ HTTP/1.1" 200 4600
INFO 2019-06-01 02:19:19,473 views 40 Image_code: 65S7
INFO 2019-06-01 02:19:19,474 basehttp 154 "GET /image_codes/939246ce-e1ca-49b3-b20f-2db49d1f5cd0/ HTTP/1.1" 200 3260
INFO 2019-06-01 02:19:22,779 basehttp 154 "GET /usernames/fzxsjzb/ HTTP/1.1" 200 73
INFO 2019-06-01 02:19:28,914 views 40 Image_code: VUTX
INFO 2019-06-01 02:19:28,915 basehttp 154 "GET /image_codes/854f5895-ef2d-4b92-81ab-5c776af7324c/ HTTP/1.1" 200 3437
INFO 2019-06-01 02:19:43,966 basehttp 154 "GET /mobiles/13641997408/ HTTP/1.1" 200 75
INFO 2019-06-01 02:19:44,036 basehttp 154 "GET /usernames/fzxsjzb/ HTTP/1.1" 200 73
INFO 2019-06-01 02:19:44,046 basehttp 154 "GET /mobiles/13641997408/ HTTP/1.1" 200 75
INFO 2019-06-01 02:19:46,361 basehttp 154 "GET /mobiles/13641997408/ HTTP/1.1" 200 75
INFO 2019-06-01 02:19:53,010 basehttp 154 "GET /mobiles/13641997408/ HTTP/1.1" 200 75
INFO 2019-06-01 02:19:53,023 basehttp 154 "POST /sms_codes/ HTTP/1.1" 200 82
INFO 2019-06-01 02:19:58,354 views 40 Image_code: VUUE
INFO 2019-06-01 02:19:58,355 basehttp 154 "GET /image_codes/f9a3c384-c50f-48e6-a5e4-c4754c9838ed/ HTTP/1.1" 200 2954
INFO 2019-06-01 02:20:07,151 basehttp 154 "GET /mobiles/13641997408/ HTTP/1.1" 200 75
INFO 2019-06-01 02:20:07,162 basehttp 154 "POST /sms_codes/ HTTP/1.1" 200 82
INFO 2019-06-01 02:20:11,036 basehttp 154 "GET /usernames/fzxsjzb/ HTTP/1.1" 200 73
INFO 2019-06-01 02:20:11,046 basehttp 154 "GET /mobiles/13641997408/ HTTP/1.1" 200 75
WARNING 2019-06-01 02:20:11,057 log 228 Not Found: /users/register/
WARNING 2019-06-01 02:20:11,057 basehttp 154 "POST /users/register/ HTTP/1.1" 404 3008
WARNING 2019-06-01 02:20:19,434 log 228 Not Found: /users/login.html
WARNING 2019-06-01 02:20:19,435 basehttp 154 "GET /users/login.html HTTP/1.1" 404 3010
WARNING 2019-06-01 02:20:19,485 log 228 Not Found: /favicon.ico
WARNING 2019-06-01 02:20:19,487 basehttp 154 "GET /favicon.ico HTTP/1.1" 404 2995
INFO 2019-06-01 02:20:21,567 views 40 Image_code: PZCF
INFO 2019-06-01 02:20:21,567 basehttp 154 "GET /image_codes/e8a5cea9-8449-4902-ab92-c30cccb9fb99/ HTTP/1.1" 200 3067
INFO 2019-06-01 16:10:11,126 basehttp 154 "GET /register/ HTTP/1.1" 200 4600
INFO 2019-06-01 16:10:11,241 views 40 Image_code: HFQR
INFO 2019-06-01 16:10:11,243 basehttp 154 "GET /image_codes/c8430f6b-ac17-4e6c-b88e-ecf69d7d402c/ HTTP/1.1" 200 3347
INFO 2019-06-01 16:10:12,237 basehttp 154 "GET /register/ HTTP/1.1" 200 4600
INFO 2019-06-01 16:10:12,288 views 40 Image_code: TSHF
INFO 2019-06-01 16:10:12,289 basehttp 154 "GET /image_codes/10149924-f3bb-45a0-a38b-4cd1cf5eb75d/ HTTP/1.1" 200 3265
INFO 2019-06-01 16:10:14,548 basehttp 154 "GET /usernames/fzxsjzb/ HTTP/1.1" 200 73
INFO 2019-06-01 16:10:27,841 basehttp 154 "GET /mobiles/13641997408/ HTTP/1.1" 200 75
INFO 2019-06-01 16:10:35,167 basehttp 154 "GET /mobiles/13641997408/ HTTP/1.1" 200 75
INFO 2019-06-01 16:10:38,388 basehttp 154 "GET /mobiles/13641997408/ HTTP/1.1" 200 75
INFO 2019-06-01 16:10:38,402 views 112 发送验证码短信[正常][ mobile: 13641997408 sms_code: 206815]
INFO 2019-06-01 16:10:38,403 basehttp 154 "POST /sms_codes/ HTTP/1.1" 200 96
INFO 2019-06-01 16:10:51,195 basehttp 154 "GET /usernames/fzxsjzb/ HTTP/1.1" 200 73
INFO 2019-06-01 16:10:51,205 basehttp 154 "GET /mobiles/13641997408/ HTTP/1.1" 200 75
WARNING 2019-06-01 16:10:51,215 log 228 Not Found: /users/register/
WARNING 2019-06-01 16:10:51,216 basehttp 154 "POST /users/register/ HTTP/1.1" 404 3008
WARNING 2019-06-01 17:08:32,504 log 228 Not Found: /register/
WARNING 2019-06-01 17:08:32,505 basehttp 154 "GET /register/ HTTP/1.1" 404 2922
INFO 2019-06-01 17:08:40,778 basehttp 154 "GET /users/register/ HTTP/1.1" 200 4606
INFO 2019-06-01 17:08:40,865 views 40 Image_code: HO6V
INFO 2019-06-01 17:08:40,866 basehttp 154 "GET /image_codes/e402ff67-457c-4e75-87ac-e4be8e6b0ebc/ HTTP/1.1" 200 3310
INFO 2019-06-01 17:08:46,631 basehttp 154 "GET /usernames/fzxsjzb/ HTTP/1.1" 200 73
INFO 2019-06-01 17:10:24,316 basehttp 154 "GET /usernames/fzxsjzb/ HTTP/1.1" 200 73
INFO 2019-06-01 17:11:08,859 basehttp 154 "GET /mobiles/13306910131/ HTTP/1.1" 200 75
INFO 2019-06-01 17:11:10,930 views 40 Image_code: FQLE
INFO 2019-06-01 17:11:10,931 basehttp 154 "GET /image_codes/d93ef458-343b-4f78-9221-5625e07e8dbd/ HTTP/1.1" 200 3135
INFO 2019-06-01 17:11:20,485 basehttp 154 "GET /mobiles/13306910131/ HTTP/1.1" 200 75
INFO 2019-06-01 17:11:20,498 basehttp 154 "POST /sms_codes/ HTTP/1.1" 200 82
INFO 2019-06-01 17:11:26,202 views 40 Image_code: ZOHP
INFO 2019-06-01 17:11:26,203 basehttp 154 "GET /image_codes/3bffcd24-71d2-4359-b327-1f42633d015c/ HTTP/1.1" 200 3189
INFO 2019-06-01 17:11:36,276 basehttp 154 "GET /mobiles/13306910131/ HTTP/1.1" 200 75
INFO 2019-06-01 17:11:36,293 views 112 发送验证码短信[正常][ mobile: 13306910131 sms_code: 408890]
INFO 2019-06-01 17:11:36,294 basehttp 154 "POST /sms_codes/ HTTP/1.1" 200 96
INFO 2019-06-01 17:11:49,855 basehttp 154 "GET /usernames/fzxsjzb/ HTTP/1.1" 200 73
INFO 2019-06-01 17:11:49,869 basehttp 154 "GET /mobiles/13306910131/ HTTP/1.1" 200 75
INFO 2019-06-01 17:11:50,089 basehttp 154 "POST /users/register/ HTTP/1.1" 200 86
ERROR 2019-06-01 17:11:51,327 log 228 Internal Server Error: /users/register/
Traceback (most recent call last):
  File "/home/pyvip/.virtualenvs/tz1990/lib/python3.5/site-packages/django/core/handlers/exception.py", line 34, in inner
    response = get_response(request)
  File "/home/pyvip/.virtualenvs/tz1990/lib/python3.5/site-packages/django/core/handlers/base.py", line 126, in _get_response
    response = self.process_exception_by_middleware(e, request)
  File "/home/pyvip/.virtualenvs/tz1990/lib/python3.5/site-packages/django/core/handlers/base.py", line 124, in _get_response
    response = wrapped_callback(request, *callback_args, **callback_kwargs)
  File "/home/pyvip/.virtualenvs/tz1990/lib/python3.5/site-packages/django/views/generic/base.py", line 68, in view
    return self.dispatch(request, *args, **kwargs)
  File "/home/pyvip/.virtualenvs/tz1990/lib/python3.5/site-packages/django/views/generic/base.py", line 88, in dispatch
    return handler(request, *args, **kwargs)
  File "/home/pyvip/github/myblog/mysite/apps/users/views.py", line 24, in get
    return render(request, "users/register.html")
  File "/home/pyvip/.virtualenvs/tz1990/lib/python3.5/site-packages/django/shortcuts.py", line 36, in render
    content = loader.render_to_string(template_name, context, request, using=using)
  File "/home/pyvip/.virtualenvs/tz1990/lib/python3.5/site-packages/django/template/loader.py", line 62, in render_to_string
    return template.render(context, request)
  File "/home/pyvip/.virtualenvs/tz1990/lib/python3.5/site-packages/django/template/backends/django.py", line 61, in render
    return self.template.render(context)
  File "/home/pyvip/.virtualenvs/tz1990/lib/python3.5/site-packages/django/template/base.py", line 171, in render
    return self._render(context)
  File "/home/pyvip/.virtualenvs/tz1990/lib/python3.5/site-packages/django/template/base.py", line 163, in _render
    return self.nodelist.render(context)
  File "/home/pyvip/.virtualenvs/tz1990/lib/python3.5/site-packages/django/template/base.py", line 937, in render
    bit = node.render_annotated(context)
  File "/home/pyvip/.virtualenvs/tz1990/lib/python3.5/site-packages/django/template/base.py", line 904, in render_annotated
    return self.render(context)
  File "/home/pyvip/.virtualenvs/tz1990/lib/python3.5/site-packages/django/template/loader_tags.py", line 150, in render
    return compiled_parent._render(context)
  File "/home/pyvip/.virtualenvs/tz1990/lib/python3.5/site-packages/django/template/base.py", line 163, in _render
    return self.nodelist.render(context)
  File "/home/pyvip/.virtualenvs/tz1990/lib/python3.5/site-packages/django/template/base.py", line 937, in render
    bit = node.render_annotated(context)
  File "/home/pyvip/.virtualenvs/tz1990/lib/python3.5/site-packages/django/template/base.py", line 904, in render_annotated
    return self.render(context)
  File "/home/pyvip/.virtualenvs/tz1990/lib/python3.5/site-packages/django/template/defaulttags.py", line 309, in render
    return nodelist.render(context)
  File "/home/pyvip/.virtualenvs/tz1990/lib/python3.5/site-packages/django/template/base.py", line 937, in render
    bit = node.render_annotated(context)
  File "/home/pyvip/.virtualenvs/tz1990/lib/python3.5/site-packages/django/template/base.py", line 904, in render_annotated
    return self.render(context)
  File "/home/pyvip/.virtualenvs/tz1990/lib/python3.5/site-packages/django/template/defaulttags.py", line 442, in render
    url = reverse(view_name, args=args, kwargs=kwargs, current_app=current_app)
  File "/home/pyvip/.virtualenvs/tz1990/lib/python3.5/site-packages/django/urls/base.py", line 90, in reverse
    return iri_to_uri(resolver._reverse_with_prefix(view, prefix, *args, **kwargs))
  File "/home/pyvip/.virtualenvs/tz1990/lib/python3.5/site-packages/django/urls/resolvers.py", line 622, in _reverse_with_prefix
    raise NoReverseMatch(msg)
django.urls.exceptions.NoReverseMatch: Reverse for 'logout' not found. 'logout' is not a valid view function or pattern name.
ERROR 2019-06-01 17:11:51,342 basehttp 154 "GET /users/register/ HTTP/1.1" 500 156747
ERROR 2019-06-01 17:16:10,484 log 228 Internal Server Error: /users/register/
Traceback (most recent call last):
  File "/home/pyvip/.virtualenvs/tz1990/lib/python3.5/site-packages/django/core/handlers/exception.py", line 34, in inner
    response = get_response(request)
  File "/home/pyvip/.virtualenvs/tz1990/lib/python3.5/site-packages/django/core/handlers/base.py", line 126, in _get_response
    response = self.process_exception_by_middleware(e, request)
  File "/home/pyvip/.virtualenvs/tz1990/lib/python3.5/site-packages/django/core/handlers/base.py", line 124, in _get_response
    response = wrapped_callback(request, *callback_args, **callback_kwargs)
  File "/home/pyvip/.virtualenvs/tz1990/lib/python3.5/site-packages/django/views/generic/base.py", line 68, in view
    return self.dispatch(request, *args, **kwargs)
  File "/home/pyvip/.virtualenvs/tz1990/lib/python3.5/site-packages/django/views/generic/base.py", line 88, in dispatch
    return handler(request, *args, **kwargs)
  File "/home/pyvip/github/myblog/mysite/apps/users/views.py", line 24, in get
    return render(request, "users/register.html")
  File "/home/pyvip/.virtualenvs/tz1990/lib/python3.5/site-packages/django/shortcuts.py", line 36, in render
    content = loader.render_to_string(template_name, context, request, using=using)
  File "/home/pyvip/.virtualenvs/tz1990/lib/python3.5/site-packages/django/template/loader.py", line 62, in render_to_string
    return template.render(context, request)
  File "/home/pyvip/.virtualenvs/tz1990/lib/python3.5/site-packages/django/template/backends/django.py", line 61, in render
    return self.template.render(context)
  File "/home/pyvip/.virtualenvs/tz1990/lib/python3.5/site-packages/django/template/base.py", line 171, in render
    return self._render(context)
  File "/home/pyvip/.virtualenvs/tz1990/lib/python3.5/site-packages/django/template/base.py", line 163, in _render
    return self.nodelist.render(context)
  File "/home/pyvip/.virtualenvs/tz1990/lib/python3.5/site-packages/django/template/base.py", line 937, in render
    bit = node.render_annotated(context)
  File "/home/pyvip/.virtualenvs/tz1990/lib/python3.5/site-packages/django/template/base.py", line 904, in render_annotated
    return self.render(context)
  File "/home/pyvip/.virtualenvs/tz1990/lib/python3.5/site-packages/django/template/loader_tags.py", line 150, in render
    return compiled_parent._render(context)
  File "/home/pyvip/.virtualenvs/tz1990/lib/python3.5/site-packages/django/template/base.py", line 163, in _render
    return self.nodelist.render(context)
  File "/home/pyvip/.virtualenvs/tz1990/lib/python3.5/site-packages/django/template/base.py", line 937, in render
    bit = node.render_annotated(context)
  File "/home/pyvip/.virtualenvs/tz1990/lib/python3.5/site-packages/django/template/base.py", line 904, in render_annotated
    return self.render(context)
  File "/home/pyvip/.virtualenvs/tz1990/lib/python3.5/site-packages/django/template/defaulttags.py", line 309, in render
    return nodelist.render(context)
  File "/home/pyvip/.virtualenvs/tz1990/lib/python3.5/site-packages/django/template/base.py", line 937, in render
    bit = node.render_annotated(context)
  File "/home/pyvip/.virtualenvs/tz1990/lib/python3.5/site-packages/django/template/base.py", line 904, in render_annotated
    return self.render(context)
  File "/home/pyvip/.virtualenvs/tz1990/lib/python3.5/site-packages/django/template/defaulttags.py", line 442, in render
    url = reverse(view_name, args=args, kwargs=kwargs, current_app=current_app)
  File "/home/pyvip/.virtualenvs/tz1990/lib/python3.5/site-packages/django/urls/base.py", line 90, in reverse
    return iri_to_uri(resolver._reverse_with_prefix(view, prefix, *args, **kwargs))
  File "/home/pyvip/.virtualenvs/tz1990/lib/python3.5/site-packages/django/urls/resolvers.py", line 622, in _reverse_with_prefix
    raise NoReverseMatch(msg)
django.urls.exceptions.NoReverseMatch: Reverse for 'logout' not found. 'logout' is not a valid view function or pattern name.
ERROR 2019-06-01 17:16:10,495 basehttp 154 "GET /users/register/ HTTP/1.1" 500 156882
INFO 2019-06-01 17:22:53,515 basehttp 154 "GET /users/register/ HTTP/1.1" 200 4594
INFO 2019-06-01 17:22:53,598 views 40 Image_code: CVPU
INFO 2019-06-01 17:22:53,599 basehttp 154 "GET /image_codes/d7ddc88b-a3b7-4131-a30c-41f94934aa5f/ HTTP/1.1" 200 3151
INFO 2019-06-01 17:23:00,350 basehttp 154 "GET /usernames/fzxsjzb/ HTTP/1.1" 200 73
INFO 2019-06-01 17:23:05,642 basehttp 154 "GET /users/logout/ HTTP/1.1" 302 0
INFO 2019-06-01 17:23:05,649 basehttp 154 "GET /users/login/ HTTP/1.1" 200 3754
INFO 2019-06-01 17:23:05,665 basehttp 154 "GET /static/js/users/login.js HTTP/1.1" 200 4257
INFO 2019-06-01 17:23:13,329 basehttp 154 "POST /users/login/ HTTP/1.1" 200 106
INFO 2019-06-01 17:23:23,807 basehttp 154 "POST /users/login/ HTTP/1.1" 200 86
INFO 2019-06-01 17:23:24,649 basehttp 154 "GET /users/register/ HTTP/1.1" 200 4594
INFO 2019-06-01 17:23:24,703 views 40 Image_code: N6D9
INFO 2019-06-01 17:23:24,705 basehttp 154 "GET /image_codes/6391b8eb-c337-4a95-b580-2775ef358e45/ HTTP/1.1" 200 3207
INFO 2019-06-01 17:23:29,087 basehttp 154 "GET /usernames/fzxsjzb/ HTTP/1.1" 200 73
INFO 2019-06-01 17:23:29,177 basehttp 154 "GET / HTTP/1.1" 200 16893
WARNING 2019-06-01 17:23:33,673 log 228 Not Found: /course/course.html
WARNING 2019-06-01 17:23:33,673 basehttp 154 "GET /course/course.html HTTP/1.1" 404 2949
INFO 2019-06-01 17:23:37,900 basehttp 154 "GET /users/logout/ HTTP/1.1" 302 0
INFO 2019-06-01 17:23:37,906 basehttp 154 "GET /users/login/ HTTP/1.1" 200 3754
INFO 2019-06-01 17:23:40,392 basehttp 154 "GET /users/register/ HTTP/1.1" 200 4606
INFO 2019-06-01 17:23:40,446 views 40 Image_code: BENU
INFO 2019-06-01 17:23:40,447 basehttp 154 "GET /image_codes/daf86d78-3f9a-4072-9938-f5917bb18505/ HTTP/1.1" 200 3545
INFO 2019-06-01 17:23:43,631 basehttp 154 "GET /usernames/fzxsjzb/ HTTP/1.1" 200 73
INFO 2019-06-01 17:23:53,141 basehttp 154 "GET /usernames/zhangsan/ HTTP/1.1" 200 74
INFO 2019-06-01 17:24:14,681 basehttp 154 "GET /mobiles/13306910131/ HTTP/1.1" 200 75
INFO 2019-06-01 17:24:19,502 basehttp 154 "GET /mobiles/13306910132/ HTTP/1.1" 200 75
INFO 2019-06-01 17:24:31,730 basehttp 154 "GET /mobiles/13306910132/ HTTP/1.1" 200 75
INFO 2019-06-01 17:24:31,743 views 112 发送验证码短信[正常][ mobile: 13306910132 sms_code: 643043]
INFO 2019-06-01 17:24:31,744 basehttp 154 "POST /sms_codes/ HTTP/1.1" 200 96
INFO 2019-06-01 17:24:45,420 basehttp 154 "GET /usernames/zhangsan/ HTTP/1.1" 200 74
INFO 2019-06-01 17:24:45,432 basehttp 154 "GET /mobiles/13306910132/ HTTP/1.1" 200 75
INFO 2019-06-01 17:24:45,653 basehttp 154 "POST /users/register/ HTTP/1.1" 200 86
INFO 2019-06-01 17:24:46,712 basehttp 154 "GET /users/login/ HTTP/1.1" 200 3743
INFO 2019-06-01 17:24:53,159 basehttp 154 "POST /users/login/ HTTP/1.1" 200 86
INFO 2019-06-01 17:24:54,000 basehttp 154 "GET /users/register/ HTTP/1.1" 200 4595
INFO 2019-06-01 17:24:54,046 views 40 Image_code: FMGP
INFO 2019-06-01 17:24:54,048 basehttp 154 "GET /image_codes/0a45a3b2-e989-4854-b2c3-33bbd17fb435/ HTTP/1.1" 200 3495
INFO 2019-06-01 19:14:31,203 basehttp 154 "GET / HTTP/1.1" 200 16894
WARNING 2019-06-01 19:14:31,416 basehttp 154 "GET /static/images/favicon.ico HTTP/1.1" 404 1678
INFO 2019-06-01 19:14:34,415 basehttp 154 "GET /users/logout/ HTTP/1.1" 302 0
INFO 2019-06-01 19:14:34,424 basehttp 154 "GET /users/login/ HTTP/1.1" 200 3754
INFO 2019-06-01 19:14:34,439 basehttp 154 "GET /static/js/users/login.js HTTP/1.1" 304 0
INFO 2019-06-01 19:14:39,732 basehttp 154 "POST /users/login/ HTTP/1.1" 200 86
INFO 2019-06-01 19:14:40,595 basehttp 154 "GET / HTTP/1.1" 200 16894
INFO 2019-06-01 19:14:46,771 basehttp 154 "GET /users/logout/ HTTP/1.1" 302 0
INFO 2019-06-01 19:14:46,780 basehttp 154 "GET /users/login/ HTTP/1.1" 200 3754
INFO 2019-06-01 19:14:49,612 basehttp 154 "GET /users/register/ HTTP/1.1" 200 4606
INFO 2019-06-01 19:14:49,678 views 40 Image_code: A3B7
INFO 2019-06-01 19:14:49,678 basehttp 154 "GET /image_codes/0a8ecc7b-2b8b-480b-bfa5-8d941943e177/ HTTP/1.1" 200 3098
INFO 2019-06-01 19:14:53,962 basehttp 154 "GET /usernames/zhangsan/ HTTP/1.1" 200 74
WARNING 2019-06-01 19:14:54,081 log 228 Not Found: /users/users/login.html
WARNING 2019-06-01 19:14:54,082 basehttp 154 "GET /users/users/login.html HTTP/1.1" 404 3382
WARNING 2019-06-01 19:14:54,124 log 228 Not Found: /favicon.ico
WARNING 2019-06-01 19:14:54,125 basehttp 154 "GET /favicon.ico HTTP/1.1" 404 2928
INFO 2019-06-01 19:14:59,080 views 40 Image_code: L6XX
INFO 2019-06-01 19:14:59,081 basehttp 154 "GET /image_codes/98727bb1-38cf-4f63-9975-a06e13029ace/ HTTP/1.1" 200 2512
INFO 2019-06-01 19:15:05,968 basehttp 154 "GET /usernames/zhangsan/ HTTP/1.1" 200 74
INFO 2019-06-01 19:15:06,051 basehttp 154 "GET / HTTP/1.1" 200 16905
WARNING 2019-06-01 19:15:38,061 log 228 Not Found: /users/login.html
WARNING 2019-06-01 19:15:38,062 basehttp 154 "GET /users/login.html HTTP/1.1" 404 3364
INFO 2019-06-01 19:16:37,677 basehttp 154 "GET / HTTP/1.1" 200 16899
INFO 2019-06-01 19:16:39,984 basehttp 154 "GET /users/login/ HTTP/1.1" 200 3748
INFO 2019-06-01 19:16:44,259 basehttp 154 "GET /users/register/ HTTP/1.1" 200 4600
INFO 2019-06-01 19:16:44,304 views 40 Image_code: VHVJ
INFO 2019-06-01 19:16:44,305 basehttp 154 "GET /image_codes/b25d14c3-84dc-439e-986f-567886b5094d/ HTTP/1.1" 200 3274
INFO 2019-06-01 19:16:45,090 basehttp 154 "GET /usernames/zhangsan/ HTTP/1.1" 200 74
INFO 2019-06-01 19:16:45,176 basehttp 154 "GET /users/login/ HTTP/1.1" 200 3748
INFO 2019-06-01 19:16:46,982 basehttp 154 "POST /users/login/ HTTP/1.1" 200 86
INFO 2019-06-01 19:16:47,832 basehttp 154 "GET /users/register/ HTTP/1.1" 200 4595
INFO 2019-06-01 19:16:47,878 views 40 Image_code: NOKF
INFO 2019-06-01 19:16:47,879 basehttp 154 "GET /image_codes/5907bbd0-f7f6-4d03-8c32-a4304a206585/ HTTP/1.1" 200 3198
INFO 2019-06-01 19:16:53,251 basehttp 154 "GET /usernames/zhangsan/ HTTP/1.1" 200 74
